<?xml version="1.0" encoding="UTF-8"?>
<!-- Generated by org.testng.reporters.JUnitReportReporter -->
<testsuite skipped="0" hostname="DESKTOP-HO0IJUA" name="com.wu.test.testCases.Login" tests="1" failures="0" timestamp="27 Sep 2018 06:17:49 GMT" time="0.005" errors="0">
  <testcase name="login" time="0.005" classname="com.wu.test.testCases.Login"/>
</testsuite> <!-- com.wu.test.testCases.Login -->
